<?xml version="1.0" encoding="UTF-8"?>
<!-- Generated by org.testng.reporters.JUnitReportReporter -->
<testsuite hostname="Ankush-Mhala" failures="3" tests="4" name="runner.TestRunner" time="95.551" errors="1" timestamp="2026-07-30T01:26:56 IST" skipped="0">
  <testcase classname="runner.TestRunner" name="runScenario" time="28.806">
    <failure message="LOGIN FAILED: Invalid credentials" type="java.lang.AssertionError">
      <![CDATA[java.lang.AssertionError: LOGIN FAILED: Invalid credentials
at org.testng.Assert.fail(Assert.java:111)
at stepDefinitions.LoginSteps.user_should_see_dashboard(LoginSteps.java:65)
at ✽.User should see Dashboard "Login Unsuccessful"(file:///C:/Users/admin/eclipse-workspace/CucumberAutomationByAnkush/resources/features/login.feature:22)
]]>
    </failure>
  </testcase> <!-- runScenario -->
  <testcase classname="runner.TestRunner" name="runScenario" time="1.479">
    <error message="unknown error: JavaScript code failed
from unknown command: &#039;Runtime.evaluate&#039; wasn&#039;t found
  (Session info: chrome=150.0.7871.187)
Build info: version: &#039;4.44.0&#039;, revision: &#039;da2039b&#039;
System info: os.name: &#039;Windows 11&#039;, os.arch: &#039;amd64&#039;, os.version: &#039;10.0&#039;, java.version: &#039;21.0.11&#039;
Driver info: org.openqa.selenium.chrome.ChromeDriver
Command: [0e6e547a2e48c8f0082b20d6f14858a0, maximizeCurrentWindow {}]
Capabilities {acceptInsecureCerts: false, browserName: chrome, browserVersion: 150.0.7871.187, chrome: {chromedriverVersion: 150.0.7871.124 (9261fd0a595..., userDataDir: C:\Users\admin\AppData\Loca...}, fedcm:accounts: true, goog:chromeOptions: {debuggerAddress: localhost:61562}, goog:processID: 1640, networkConnectionEnabled: false, pageLoadStrategy: normal, platformName: windows, proxy: Proxy(), se:cdp: ws://localhost:61562/devtoo..., se:cdpVersion: 150.0.7871.187, setWindowRect: true, strictFileInteractability: false, timeouts: {implicit: 0, pageLoad: 300000, script: 30000}, unhandledPromptBehavior: dismiss and notify, webauthn:extension:credBlob: true, webauthn:extension:largeBlob: true, webauthn:extension:minPinLength: true, webauthn:extension:prf: true, webauthn:virtualAuthenticators: true}
Session ID: 0e6e547a2e48c8f0082b20d6f14858a0" type="org.openqa.selenium.WebDriverException">
      <![CDATA[org.openqa.selenium.WebDriverException: unknown error: JavaScript code failed
from unknown command: 'Runtime.evaluate' wasn't found
  (Session info: chrome=150.0.7871.187)
Build info: version: '4.44.0', revision: 'da2039b'
System info: os.name: 'Windows 11', os.arch: 'amd64', os.version: '10.0', java.version: '21.0.11'
Driver info: org.openqa.selenium.chrome.ChromeDriver
Command: [0e6e547a2e48c8f0082b20d6f14858a0, maximizeCurrentWindow {}]
Capabilities {acceptInsecureCerts: false, browserName: chrome, browserVersion: 150.0.7871.187, chrome: {chromedriverVersion: 150.0.7871.124 (9261fd0a595..., userDataDir: C:\Users\admin\AppData\Loca...}, fedcm:accounts: true, goog:chromeOptions: {debuggerAddress: localhost:61562}, goog:processID: 1640, networkConnectionEnabled: false, pageLoadStrategy: normal, platformName: windows, proxy: Proxy(), se:cdp: ws://localhost:61562/devtoo..., se:cdpVersion: 150.0.7871.187, setWindowRect: true, strictFileInteractability: false, timeouts: {implicit: 0, pageLoad: 300000, script: 30000}, unhandledPromptBehavior: dismiss and notify, webauthn:extension:credBlob: true, webauthn:extension:largeBlob: true, webauthn:extension:minPinLength: true, webauthn:extension:prf: true, webauthn:virtualAuthenticators: true}
Session ID: 0e6e547a2e48c8f0082b20d6f14858a0
at org.openqa.selenium.remote.ErrorCodec.decode(ErrorCodec.java:169)
at org.openqa.selenium.remote.codec.w3c.W3CHttpResponseCodec.decode(W3CHttpResponseCodec.java:143)
at org.openqa.selenium.remote.codec.w3c.W3CHttpResponseCodec.decode(W3CHttpResponseCodec.java:50)
at org.openqa.selenium.remote.HttpCommandExecutor.execute(HttpCommandExecutor.java:224)
at org.openqa.selenium.remote.service.DriverCommandExecutor.invokeExecute(DriverCommandExecutor.java:217)
at org.openqa.selenium.remote.service.DriverCommandExecutor.execute(DriverCommandExecutor.java:175)
at org.openqa.selenium.remote.RemoteWebDriver.execute(RemoteWebDriver.java:600)
at org.openqa.selenium.remote.RemoteWebDriver.execute(RemoteWebDriver.java:682)
at org.openqa.selenium.remote.RemoteWebDriver.execute(RemoteWebDriver.java:686)
at org.openqa.selenium.remote.RemoteWebDriver$RemoteWebDriverOptions$RemoteWindow.maximize(RemoteWebDriver.java:1187)
at base.BaseClass.initializeBrowser(BaseClass.java:19)
at hooks.Hooks.beforeScenario(Hooks.java:17)
]]>
    </error>
  </testcase> <!-- runScenario -->
  <testcase classname="runner.TestRunner" name="runScenario" time="31.983">
    <failure message="LOGIN FAILED: Invalid credentials" type="java.lang.AssertionError">
      <![CDATA[java.lang.AssertionError: LOGIN FAILED: Invalid credentials
at org.testng.Assert.fail(Assert.java:111)
at stepDefinitions.LoginSteps.user_should_see_dashboard(LoginSteps.java:65)
at ✽.User should see Dashboard "Login Successful"(file:///C:/Users/admin/eclipse-workspace/CucumberAutomationByAnkush/resources/features/login.feature:22)
]]>
    </failure>
  </testcase> <!-- runScenario -->
  <testcase classname="runner.TestRunner" name="runScenario" time="33.283">
    <failure message="LOGIN FAILED: Invalid credentials" type="java.lang.AssertionError">
      <![CDATA[java.lang.AssertionError: LOGIN FAILED: Invalid credentials
at org.testng.Assert.fail(Assert.java:111)
at stepDefinitions.LoginSteps.user_should_see_dashboard(LoginSteps.java:65)
at ✽.User should see Dashboard "Login Successful"(file:///C:/Users/admin/eclipse-workspace/CucumberAutomationByAnkush/resources/features/login.feature:10)
]]>
    </failure>
  </testcase> <!-- runScenario -->
</testsuite> <!-- runner.TestRunner -->
